ARM GAS  C:\Users\bmt\AppData\Local\Temp\ccsH6Zfb.s 			page 1


   1              		.syntax unified
   2              		.cpu cortex-m3
   3              		.fpu softvfp
   4              		.eabi_attribute 20, 1
   5              		.eabi_attribute 21, 1
   6              		.eabi_attribute 23, 3
   7              		.eabi_attribute 24, 1
   8              		.eabi_attribute 25, 1
   9              		.eabi_attribute 26, 1
  10              		.eabi_attribute 30, 6
  11              		.eabi_attribute 34, 1
  12              		.eabi_attribute 18, 4
  13              		.thumb
  14              		.file	"croutine.c"
  15              		.text
  16              	.Ltext0:
  17              		.cfi_sections	.debug_frame
  18              	.Letext0:
  19              		.file 1 "c:\\program files (x86)\\cypress\\psoc creator\\4.0\\psoc creator\\import\\gnu\\arm\\4.9.
  20              		.file 2 "c:\\program files (x86)\\cypress\\psoc creator\\4.0\\psoc creator\\import\\gnu\\arm\\4.9.
  21              		.file 3 "Generated_Source\\PSoC5/core_cm3.h"
  22              		.section	.debug_info,"",%progbits
  23              	.Ldebug_info0:
  24 0000 A3000000 		.4byte	0xa3
  25 0004 0400     		.2byte	0x4
  26 0006 00000000 		.4byte	.Ldebug_abbrev0
  27 000a 04       		.byte	0x4
  28 000b 01       		.uleb128 0x1
  29 000c F7000000 		.4byte	.LASF15
  30 0010 01       		.byte	0x1
  31 0011 D3000000 		.4byte	.LASF16
  32 0015 2E000000 		.4byte	.LASF17
  33 0019 00000000 		.4byte	.Ldebug_line0
  34 001d 02       		.uleb128 0x2
  35 001e 04       		.byte	0x4
  36 001f 05       		.byte	0x5
  37 0020 696E7400 		.ascii	"int\000"
  38 0024 03       		.uleb128 0x3
  39 0025 04       		.byte	0x4
  40 0026 07       		.byte	0x7
  41 0027 21000000 		.4byte	.LASF0
  42 002b 03       		.uleb128 0x3
  43 002c 01       		.byte	0x1
  44 002d 06       		.byte	0x6
  45 002e 99010000 		.4byte	.LASF1
  46 0032 03       		.uleb128 0x3
  47 0033 01       		.byte	0x1
  48 0034 08       		.byte	0x8
  49 0035 C0000000 		.4byte	.LASF2
  50 0039 03       		.uleb128 0x3
  51 003a 02       		.byte	0x2
  52 003b 05       		.byte	0x5
  53 003c B5010000 		.4byte	.LASF3
  54 0040 03       		.uleb128 0x3
  55 0041 02       		.byte	0x2
  56 0042 07       		.byte	0x7
  57 0043 0E000000 		.4byte	.LASF4
ARM GAS  C:\Users\bmt\AppData\Local\Temp\ccsH6Zfb.s 			page 2


  58 0047 04       		.uleb128 0x4
  59 0048 A5010000 		.4byte	.LASF9
  60 004c 01       		.byte	0x1
  61 004d 3F       		.byte	0x3f
  62 004e 52000000 		.4byte	0x52
  63 0052 03       		.uleb128 0x3
  64 0053 04       		.byte	0x4
  65 0054 05       		.byte	0x5
  66 0055 EE000000 		.4byte	.LASF5
  67 0059 03       		.uleb128 0x3
  68 005a 04       		.byte	0x4
  69 005b 07       		.byte	0x7
  70 005c 97000000 		.4byte	.LASF6
  71 0060 03       		.uleb128 0x3
  72 0061 08       		.byte	0x8
  73 0062 05       		.byte	0x5
  74 0063 00000000 		.4byte	.LASF7
  75 0067 03       		.uleb128 0x3
  76 0068 08       		.byte	0x8
  77 0069 07       		.byte	0x7
  78 006a A9000000 		.4byte	.LASF8
  79 006e 04       		.uleb128 0x4
  80 006f BF010000 		.4byte	.LASF10
  81 0073 02       		.byte	0x2
  82 0074 2C       		.byte	0x2c
  83 0075 47000000 		.4byte	0x47
  84 0079 03       		.uleb128 0x3
  85 007a 04       		.byte	0x4
  86 007b 04       		.byte	0x4
  87 007c AF010000 		.4byte	.LASF11
  88 0080 03       		.uleb128 0x3
  89 0081 08       		.byte	0x8
  90 0082 04       		.byte	0x4
  91 0083 85010000 		.4byte	.LASF12
  92 0087 03       		.uleb128 0x3
  93 0088 01       		.byte	0x1
  94 0089 08       		.byte	0x8
  95 008a CE000000 		.4byte	.LASF13
  96 008e 03       		.uleb128 0x3
  97 008f 04       		.byte	0x4
  98 0090 07       		.byte	0x7
  99 0091 C7010000 		.4byte	.LASF14
 100 0095 05       		.uleb128 0x5
 101 0096 8C010000 		.4byte	.LASF18
 102 009a 03       		.byte	0x3
 103 009b 9606     		.2byte	0x696
 104 009d A1000000 		.4byte	0xa1
 105 00a1 06       		.uleb128 0x6
 106 00a2 6E000000 		.4byte	0x6e
 107 00a6 00       		.byte	0
 108              		.section	.debug_abbrev,"",%progbits
 109              	.Ldebug_abbrev0:
 110 0000 01       		.uleb128 0x1
 111 0001 11       		.uleb128 0x11
 112 0002 01       		.byte	0x1
 113 0003 25       		.uleb128 0x25
 114 0004 0E       		.uleb128 0xe
ARM GAS  C:\Users\bmt\AppData\Local\Temp\ccsH6Zfb.s 			page 3


 115 0005 13       		.uleb128 0x13
 116 0006 0B       		.uleb128 0xb
 117 0007 03       		.uleb128 0x3
 118 0008 0E       		.uleb128 0xe
 119 0009 1B       		.uleb128 0x1b
 120 000a 0E       		.uleb128 0xe
 121 000b 10       		.uleb128 0x10
 122 000c 17       		.uleb128 0x17
 123 000d 00       		.byte	0
 124 000e 00       		.byte	0
 125 000f 02       		.uleb128 0x2
 126 0010 24       		.uleb128 0x24
 127 0011 00       		.byte	0
 128 0012 0B       		.uleb128 0xb
 129 0013 0B       		.uleb128 0xb
 130 0014 3E       		.uleb128 0x3e
 131 0015 0B       		.uleb128 0xb
 132 0016 03       		.uleb128 0x3
 133 0017 08       		.uleb128 0x8
 134 0018 00       		.byte	0
 135 0019 00       		.byte	0
 136 001a 03       		.uleb128 0x3
 137 001b 24       		.uleb128 0x24
 138 001c 00       		.byte	0
 139 001d 0B       		.uleb128 0xb
 140 001e 0B       		.uleb128 0xb
 141 001f 3E       		.uleb128 0x3e
 142 0020 0B       		.uleb128 0xb
 143 0021 03       		.uleb128 0x3
 144 0022 0E       		.uleb128 0xe
 145 0023 00       		.byte	0
 146 0024 00       		.byte	0
 147 0025 04       		.uleb128 0x4
 148 0026 16       		.uleb128 0x16
 149 0027 00       		.byte	0
 150 0028 03       		.uleb128 0x3
 151 0029 0E       		.uleb128 0xe
 152 002a 3A       		.uleb128 0x3a
 153 002b 0B       		.uleb128 0xb
 154 002c 3B       		.uleb128 0x3b
 155 002d 0B       		.uleb128 0xb
 156 002e 49       		.uleb128 0x49
 157 002f 13       		.uleb128 0x13
 158 0030 00       		.byte	0
 159 0031 00       		.byte	0
 160 0032 05       		.uleb128 0x5
 161 0033 34       		.uleb128 0x34
 162 0034 00       		.byte	0
 163 0035 03       		.uleb128 0x3
 164 0036 0E       		.uleb128 0xe
 165 0037 3A       		.uleb128 0x3a
 166 0038 0B       		.uleb128 0xb
 167 0039 3B       		.uleb128 0x3b
 168 003a 05       		.uleb128 0x5
 169 003b 49       		.uleb128 0x49
 170 003c 13       		.uleb128 0x13
 171 003d 3F       		.uleb128 0x3f
ARM GAS  C:\Users\bmt\AppData\Local\Temp\ccsH6Zfb.s 			page 4


 172 003e 19       		.uleb128 0x19
 173 003f 3C       		.uleb128 0x3c
 174 0040 19       		.uleb128 0x19
 175 0041 00       		.byte	0
 176 0042 00       		.byte	0
 177 0043 06       		.uleb128 0x6
 178 0044 35       		.uleb128 0x35
 179 0045 00       		.byte	0
 180 0046 49       		.uleb128 0x49
 181 0047 13       		.uleb128 0x13
 182 0048 00       		.byte	0
 183 0049 00       		.byte	0
 184 004a 00       		.byte	0
 185              		.section	.debug_aranges,"",%progbits
 186 0000 14000000 		.4byte	0x14
 187 0004 0200     		.2byte	0x2
 188 0006 00000000 		.4byte	.Ldebug_info0
 189 000a 04       		.byte	0x4
 190 000b 00       		.byte	0
 191 000c 0000     		.2byte	0
 192 000e 0000     		.2byte	0
 193 0010 00000000 		.4byte	0
 194 0014 00000000 		.4byte	0
 195              		.section	.debug_line,"",%progbits
 196              	.Ldebug_line0:
 197 0000 36010000 		.section	.debug_str,"MS",%progbits,1
 197      02003001 
 197      00000201 
 197      FB0E0D00 
 197      01010101 
 198              	.LASF7:
 199 0000 6C6F6E67 		.ascii	"long long int\000"
 199      206C6F6E 
 199      6720696E 
 199      7400
 200              	.LASF4:
 201 000e 73686F72 		.ascii	"short unsigned int\000"
 201      7420756E 
 201      7369676E 
 201      65642069 
 201      6E7400
 202              	.LASF0:
 203 0021 756E7369 		.ascii	"unsigned int\000"
 203      676E6564 
 203      20696E74 
 203      00
 204              	.LASF17:
 205 002e 433A5C55 		.ascii	"C:\\Users\\bmt\\Downloads\\FreeRTOSv9.0.0\\FreeRTOS"
 205      73657273 
 205      5C626D74 
 205      5C446F77 
 205      6E6C6F61 
 206 005c 5C44656D 		.ascii	"\\Demo\\CORTEX_CY8C5588_PSoC_Creator_GCC\\FreeRTOS_"
 206      6F5C434F 
 206      52544558 
 206      5F435938 
 206      43353538 
ARM GAS  C:\Users\bmt\AppData\Local\Temp\ccsH6Zfb.s 			page 5


 207 008c 44656D6F 		.ascii	"Demo.cydsn\000"
 207      2E637964 
 207      736E00
 208              	.LASF6:
 209 0097 6C6F6E67 		.ascii	"long unsigned int\000"
 209      20756E73 
 209      69676E65 
 209      6420696E 
 209      7400
 210              	.LASF8:
 211 00a9 6C6F6E67 		.ascii	"long long unsigned int\000"
 211      206C6F6E 
 211      6720756E 
 211      7369676E 
 211      65642069 
 212              	.LASF2:
 213 00c0 756E7369 		.ascii	"unsigned char\000"
 213      676E6564 
 213      20636861 
 213      7200
 214              	.LASF13:
 215 00ce 63686172 		.ascii	"char\000"
 215      00
 216              	.LASF16:
 217 00d3 2E2E5C2E 		.ascii	"..\\..\\..\\Source\\croutine.c\000"
 217      2E5C2E2E 
 217      5C536F75 
 217      7263655C 
 217      63726F75 
 218              	.LASF5:
 219 00ee 6C6F6E67 		.ascii	"long int\000"
 219      20696E74 
 219      00
 220              	.LASF15:
 221 00f7 474E5520 		.ascii	"GNU C 4.9.3 20150303 (release) [ARM/embedded-4_9-br"
 221      4320342E 
 221      392E3320 
 221      32303135 
 221      30333033 
 222 012a 616E6368 		.ascii	"anch revision 221220] -mcpu=cortex-m3 -mthumb -g -O"
 222      20726576 
 222      6973696F 
 222      6E203232 
 222      31323230 
 223 015d 30202D66 		.ascii	"0 -ffunction-sections -ffat-lto-objects\000"
 223      66756E63 
 223      74696F6E 
 223      2D736563 
 223      74696F6E 
 224              	.LASF12:
 225 0185 646F7562 		.ascii	"double\000"
 225      6C6500
 226              	.LASF18:
 227 018c 49544D5F 		.ascii	"ITM_RxBuffer\000"
 227      52784275 
 227      66666572 
 227      00
ARM GAS  C:\Users\bmt\AppData\Local\Temp\ccsH6Zfb.s 			page 6


 228              	.LASF1:
 229 0199 7369676E 		.ascii	"signed char\000"
 229      65642063 
 229      68617200 
 230              	.LASF9:
 231 01a5 5F5F696E 		.ascii	"__int32_t\000"
 231      7433325F 
 231      7400
 232              	.LASF11:
 233 01af 666C6F61 		.ascii	"float\000"
 233      7400
 234              	.LASF3:
 235 01b5 73686F72 		.ascii	"short int\000"
 235      7420696E 
 235      7400
 236              	.LASF10:
 237 01bf 696E7433 		.ascii	"int32_t\000"
 237      325F7400 
 238              	.LASF14:
 239 01c7 73697A65 		.ascii	"sizetype\000"
 239      74797065 
 239      00
 240              		.ident	"GCC: (GNU Tools for ARM Embedded Processors) 4.9.3 20150303 (release) [ARM/embedded-4_9-br
